C:\USERS\DUDU\DROPBOX\STUDIES\HDQ\השלמות תכנות מונחה עצמים\EX4\EX4\EX4\DEBUG\ILLEGALARGUMENTEXCEPTION.OBJ
C:\USERS\DUDU\DROPBOX\STUDIES\HDQ\השלמות תכנות מונחה עצמים\EX4\EX4\EX4\DEBUG\VC110.PDB
C:\USERS\DUDU\DROPBOX\STUDIES\HDQ\השלמות תכנות מונחה עצמים\EX4\EX4\EX4\DEBUG\MAIN.OBJ
C:\USERS\DUDU\DROPBOX\STUDIES\HDQ\השלמות תכנות מונחה עצמים\EX4\EX4\EX4\DEBUG\PRODUCT.OBJ
C:\USERS\DUDU\DROPBOX\STUDIES\HDQ\השלמות תכנות מונחה עצמים\EX4\EX4\EX4\DEBUG\AGRICULTURALPRODUCT.OBJ
C:\USERS\DUDU\DROPBOX\STUDIES\HDQ\השלמות תכנות מונחה עצמים\EX4\EX4\DEBUG\EX4.ILK
C:\USERS\DUDU\DROPBOX\STUDIES\HDQ\השלמות תכנות מונחה עצמים\EX4\EX4\DEBUG\EX4.EXE
C:\USERS\DUDU\DROPBOX\STUDIES\HDQ\השלמות תכנות מונחה עצמים\EX4\EX4\DEBUG\EX4.PDB
C:\Users\Dudu\Dropbox\studies\HDQ\השלמות תכנות מונחה עצמים\EX4\EX4\EX4\Debug\AgriculturalProduct.obj
C:\Users\Dudu\Dropbox\studies\HDQ\השלמות תכנות מונחה עצמים\EX4\EX4\EX4\Debug\IllegalArgumentException (Dudu Oliel's conflicted copy 2013-12-22).obj
C:\Users\Dudu\Dropbox\studies\HDQ\השלמות תכנות מונחה עצמים\EX4\EX4\EX4\Debug\IllegalArgumentException.obj
C:\Users\Dudu\Dropbox\studies\HDQ\השלמות תכנות מונחה עצמים\EX4\EX4\EX4\Debug\main.obj
C:\Users\Dudu\Dropbox\studies\HDQ\השלמות תכנות מונחה עצמים\EX4\EX4\EX4\Debug\Product (Dudu Oliel's conflicted copy 2013-12-22).obj
C:\Users\Dudu\Dropbox\studies\HDQ\השלמות תכנות מונחה עצמים\EX4\EX4\EX4\Debug\Product.obj
C:\Users\Dudu\Dropbox\studies\HDQ\השלמות תכנות מונחה עצמים\EX4\EX4\EX4\Debug\cl.command.1.tlog
C:\Users\Dudu\Dropbox\studies\HDQ\השלמות תכנות מונחה עצמים\EX4\EX4\EX4\Debug\CL.read.1 (Dudu Oliel's conflicted copy 2013-12-22).tlog
C:\Users\Dudu\Dropbox\studies\HDQ\השלמות תכנות מונחה עצמים\EX4\EX4\EX4\Debug\CL.read.1.tlog
C:\Users\Dudu\Dropbox\studies\HDQ\השלמות תכנות מונחה עצמים\EX4\EX4\EX4\Debug\CL.write.1 (Dudu Oliel's conflicted copy 2013-12-22).tlog
C:\Users\Dudu\Dropbox\studies\HDQ\השלמות תכנות מונחה עצמים\EX4\EX4\EX4\Debug\CL.write.1.tlog
C:\Users\Dudu\Dropbox\studies\HDQ\השלמות תכנות מונחה עצמים\EX4\EX4\EX4\Debug\link-cvtres.read.1.tlog
C:\Users\Dudu\Dropbox\studies\HDQ\השלמות תכנות מונחה עצמים\EX4\EX4\EX4\Debug\link-cvtres.write.1.tlog
C:\Users\Dudu\Dropbox\studies\HDQ\השלמות תכנות מונחה עצמים\EX4\EX4\EX4\Debug\link-rc.read.1.tlog
C:\Users\Dudu\Dropbox\studies\HDQ\השלמות תכנות מונחה עצמים\EX4\EX4\EX4\Debug\link-rc.write.1.tlog
C:\Users\Dudu\Dropbox\studies\HDQ\השלמות תכנות מונחה עצמים\EX4\EX4\EX4\Debug\link.3416-cvtres.read.1.tlog
C:\Users\Dudu\Dropbox\studies\HDQ\השלמות תכנות מונחה עצמים\EX4\EX4\EX4\Debug\link.3416-cvtres.write.1.tlog
C:\Users\Dudu\Dropbox\studies\HDQ\השלמות תכנות מונחה עצמים\EX4\EX4\EX4\Debug\link.3416-rc.read.1.tlog
C:\Users\Dudu\Dropbox\studies\HDQ\השלמות תכנות מונחה עצמים\EX4\EX4\EX4\Debug\link.3416-rc.write.1.tlog
C:\Users\Dudu\Dropbox\studies\HDQ\השלמות תכנות מונחה עצמים\EX4\EX4\EX4\Debug\link.3416.read.1.tlog
C:\Users\Dudu\Dropbox\studies\HDQ\השלמות תכנות מונחה עצמים\EX4\EX4\EX4\Debug\link.3416.write.1.tlog
C:\Users\Dudu\Dropbox\studies\HDQ\השלמות תכנות מונחה עצמים\EX4\EX4\EX4\Debug\link.6524-cvtres.read.1.tlog
C:\Users\Dudu\Dropbox\studies\HDQ\השלמות תכנות מונחה עצמים\EX4\EX4\EX4\Debug\link.6524-cvtres.write.1.tlog
C:\Users\Dudu\Dropbox\studies\HDQ\השלמות תכנות מונחה עצמים\EX4\EX4\EX4\Debug\link.6524-rc.read.1.tlog
C:\Users\Dudu\Dropbox\studies\HDQ\השלמות תכנות מונחה עצמים\EX4\EX4\EX4\Debug\link.6524-rc.write.1.tlog
C:\Users\Dudu\Dropbox\studies\HDQ\השלמות תכנות מונחה עצמים\EX4\EX4\EX4\Debug\link.6524.read.1.tlog
C:\Users\Dudu\Dropbox\studies\HDQ\השלמות תכנות מונחה עצמים\EX4\EX4\EX4\Debug\link.6524.write.1.tlog
C:\Users\Dudu\Dropbox\studies\HDQ\השלמות תכנות מונחה עצמים\EX4\EX4\EX4\Debug\link.command.1.tlog
C:\Users\Dudu\Dropbox\studies\HDQ\השלמות תכנות מונחה עצמים\EX4\EX4\EX4\Debug\link.read.1.tlog
C:\Users\Dudu\Dropbox\studies\HDQ\השלמות תכנות מונחה עצמים\EX4\EX4\EX4\Debug\link.write.1.tlog
C:\Users\Dudu\Dropbox\studies\HDQ\השלמות תכנות מונחה עצמים\EX4\EX4\EX4\Debug\vc110 (Dudu Oliel's conflicted copy 2013-12-22).idb
C:\Users\Dudu\Dropbox\studies\HDQ\השלמות תכנות מונחה עצמים\EX4\EX4\EX4\Debug\vc110.idb
C:\Users\Dudu\Dropbox\studies\HDQ\השלמות תכנות מונחה עצמים\EX4\EX4\EX4\Debug\vc110 (Dudu Oliel's conflicted copy 2013-12-22).pdb
C:\Users\Dudu\Dropbox\studies\HDQ\השלמות תכנות מונחה עצמים\EX4\EX4\EX4\Debug\vc110.pdb
C:\Users\Dudu\Dropbox\studies\HDQ\השלמות תכנות מונחה עצמים\EX4\EX4\Debug\EX4.pdb
